[0m[[0m[0mdebug[0m] [0m[0m> Exec(test, Some(b7a57602-f06c-4c65-bebf-c38900387811), Some(CommandSource(console0)))[0m
[0m[[0m[0mdebug[0m] [0m[0mEvaluating tasks: Test / test[0m
[0m[[0m[0mdebug[0m] [0m[0mRunning task... Cancel: Signal, check cycles: false, forcegc: true[0m
[0m[[0m[0minfo[0m] [0m[0mcompiling 1 Scala source to /home/al/repos/personal/TDD/target/scala-2.13/test-classes ...[0m
[0m[[0m[0minfo[0m] [0m[0m[32mSimpleMethodsSpec:[0m[0m
[0m[[0m[0minfo[0m] [0m[0m[32mSimpleMethods[0m[0m
[0m[[0m[0minfo[0m] [0m[0m[32m- should adding one to every element of the list[0m[0m
[0m[[0m[0minfo[0m] [0m[0m[32mSimpleMethods[0m[0m
[0m[[0m[0minfo[0m] [0m[0m[32m- should print 'too high' if any number larger than 50 is passed to it[0m[0m
[0m[[0m[0minfo[0m] [0m[0m[32mSimpleMethods[0m[0m
[0m[[0m[0minfo[0m] [0m[0m[32m- should the case classes should calculate the correct area when invoked[0m[0m
[0m[[0m[0minfo[0m] [0m[0m[36mRun completed in 152 milliseconds.[0m[0m
[0m[[0m[0minfo[0m] [0m[0m[36mTotal number of tests run: 3[0m[0m
[0m[[0m[0minfo[0m] [0m[0m[36mSuites: completed 1, aborted 0[0m[0m
[0m[[0m[0minfo[0m] [0m[0m[36mTests: succeeded 3, failed 0, canceled 0, ignored 0, pending 0[0m[0m
[0m[[0m[0minfo[0m] [0m[0m[32mAll tests passed.[0m[0m
[0m[[0m[32msuccess[0m] [0m[0mTotal time: 1 s, completed 07-Jun-2022 12:19:56[0m
[0m[[0m[0mdebug[0m] [0m[0m> Exec(shell, None, None)[0m
[0m[[0m[0mdebug[0m] [0m[0mForcing garbage collection...[0m
[0m[[0m[0minfo[0m] [0m[0mshutting down sbt server[0m
